<?xml version="1.0" encoding="UTF-8" ?>
<testsuite tests="10" failures="0" name="SolverTest" time="1,743.848" errors="0" skipped="0">
  <properties>
    <property name="java.runtime.name" value="Java(TM) SE Runtime Environment"/>
    <property name="sun.boot.library.path" value="C:\Program Files\Java\jdk1.8.0_201\jre\bin"/>
    <property name="java.vm.version" value="25.201-b09"/>
    <property name="java.vm.vendor" value="Oracle Corporation"/>
    <property name="maven.multiModuleProjectDirectory" value="C:\Users\pvaln\OneDrive\Documenti\SUPSI\TerzoAnno\SecondoSemestre\Algoritmi\Progetto\TSP"/>
    <property name="java.vendor.url" value="http://java.oracle.com/"/>
    <property name="path.separator" value=";"/>
    <property name="guice.disable.misplaced.annotation.check" value="true"/>
    <property name="java.vm.name" value="Java HotSpot(TM) 64-Bit Server VM"/>
    <property name="file.encoding.pkg" value="sun.io"/>
    <property name="user.script" value=""/>
    <property name="user.country" value="CH"/>
    <property name="sun.java.launcher" value="SUN_STANDARD"/>
    <property name="sun.os.patch.level" value=""/>
    <property name="java.vm.specification.name" value="Java Virtual Machine Specification"/>
    <property name="user.dir" value="C:\Users\pvaln\OneDrive\Documenti\SUPSI\TerzoAnno\SecondoSemestre\Algoritmi\Progetto\TSP"/>
    <property name="java.runtime.version" value="1.8.0_201-b09"/>
    <property name="java.awt.graphicsenv" value="sun.awt.Win32GraphicsEnvironment"/>
    <property name="java.endorsed.dirs" value="C:\Program Files\Java\jdk1.8.0_201\jre\lib\endorsed"/>
    <property name="os.arch" value="amd64"/>
    <property name="java.io.tmpdir" value="D:\Temp\"/>
    <property name="line.separator" value="
"/>
    <property name="java.vm.specification.vendor" value="Oracle Corporation"/>
    <property name="user.variant" value=""/>
    <property name="os.name" value="Windows 10"/>
    <property name="classworlds.conf" value="C:\Users\pvaln\AppData\Local\JetBrains\Toolbox\apps\IDEA-U\ch-0\191.6183.87\plugins\maven\lib\maven3\bin\m2.conf"/>
    <property name="sun.jnu.encoding" value="Cp1252"/>
    <property name="java.library.path" value="C:\Program Files\Java\jdk1.8.0_201\bin;C:\WINDOWS\Sun\Java\bin;C:\WINDOWS\system32;C:\WINDOWS;C:\Program Files (x86)\Common Files\Oracle\Java\javapath;C:\ProgramData\Oracle\Java\javapath;C:\Program Files (x86)\Intel\iCLS Client\;C:\Program Files\Intel\iCLS Client\;C:\WINDOWS\system32;C:\WINDOWS;C:\WINDOWS\System32\Wbem;C:\WINDOWS\System32\WindowsPowerShell\v1.0\;C:\Program Files (x86)\Intel\Intel(R) Management Engine Components\DAL;C:\Program Files\Intel\Intel(R) Management Engine Components\DAL;C:\Program Files (x86)\Intel\Intel(R) Management Engine Components\IPT;C:\Program Files\Intel\Intel(R) Management Engine Components\IPT;C:\Program Files (x86)\Java\jdk1.8.0_101\bin;C:\cygnus\cygwin-b20\H-i586-cygwin32\bin;D:\SecondoSemestre\Matlab2017a\runtime\win64;D:\SecondoSemestre\Matlab2017a\bin;C:\WINDOWS\System32\OpenSSH\;D:\TerzoAnnoPrimoSemestre\Maeven\apache-maven-3.5.4\bin;C:\MinGW\bin;D:\Program Files\NodeJs;C:\Program Files\Git\cmd;C:\Program Files\Common Files\Autodesk Shared\;C:\Program Files\MySQL\MySQL Server 8.0\bin;D:\Gstreamer\1.0\x86_64\bin;D:\Gstreamer\1.0\x86_64\lib;C:\WINDOWS\system32;C:\WINDOWS;C:\WINDOWS\System32\Wbem;C:\WINDOWS\System32\WindowsPowerShell\v1.0\;C:\WINDOWS\System32\OpenSSH\;C:\Users\pvaln\AppData\Roaming\npm;%JAVA_HOME%\bin;C:\Program Files\Java\jdk1.8.0_201;%ANDROID_HOME%\emulator;%ANDROID_HOME%\tools;%ANDROID_HOME%\tools\bin;%ANDROID_HOME%\platform-tools;%ANDROID_HOME%\build-tools;C:\Program Files\dotnet\;C:\Users\pvaln\AppData\Local\Programs\Python\Python37\Scripts\;C:\Users\pvaln\AppData\Local\Programs\Python\Python37\;C:\ProgramData\Oracle\Java\javapath;C:\Program Files (x86)\Intel\iCLS Client\;C:\Program Files\Intel\iCLS Client\;C:\WINDOWS\system32;C:\WINDOWS;C:\WINDOWS\System32\Wbem;C:\WINDOWS\System32\WindowsPowerShell\v1.0\;C:\Program Files (x86)\Intel\Intel(R) Management Engine Components\DAL;C:\Program Files\Intel\Intel(R) Management Engine Components\DAL;C:\Program Files (x86)\Intel\Intel(R) Management Engine Components\IPT;C:\Program Files\Intel\Intel(R) Management Engine Components\IPT;C:\Program Files\jEdit;C:\Program Files (x86)\Java\jdk1.8.0_101\bin;C:\Users\pvaln\AppData\Local\Microsoft\WindowsApps;C:\MinGW\bin;C:\Users\pvaln\AppData\Local\Microsoft\WindowsApps;C:\Users\pvaln\OneDrive\Documenti\Snappy\snappy-windows-1.1.1.8\bin;D:\Git\bin;D:\Microsoft VS Code\bin;;."/>
    <property name="java.specification.name" value="Java Platform API Specification"/>
    <property name="java.class.version" value="52.0"/>
    <property name="sun.management.compiler" value="HotSpot 64-Bit Tiered Compilers"/>
    <property name="os.version" value="10.0"/>
    <property name="user.home" value="C:\Users\pvaln"/>
    <property name="user.timezone" value="Europe/Berlin"/>
    <property name="java.awt.printerjob" value="sun.awt.windows.WPrinterJob"/>
    <property name="java.specification.version" value="1.8"/>
    <property name="file.encoding" value="UTF-8"/>
    <property name="user.name" value="pvaln"/>
    <property name="java.class.path" value="C:\Users\pvaln\AppData\Local\JetBrains\Toolbox\apps\IDEA-U\ch-0\191.6183.87\plugins\maven\lib\maven3\boot\plexus-classworlds-2.5.2.jar;C:\Users\pvaln\AppData\Local\JetBrains\Toolbox\apps\IDEA-U\ch-0\191.6183.87\lib\idea_rt.jar"/>
    <property name="java.vm.specification.version" value="1.8"/>
    <property name="sun.arch.data.model" value="64"/>
    <property name="java.home" value="C:\Program Files\Java\jdk1.8.0_201\jre"/>
    <property name="sun.java.command" value="org.codehaus.classworlds.Launcher -Didea.version2019.1 test"/>
    <property name="java.specification.vendor" value="Oracle Corporation"/>
    <property name="user.language" value="it"/>
    <property name="awt.toolkit" value="sun.awt.windows.WToolkit"/>
    <property name="java.vm.info" value="mixed mode"/>
    <property name="java.version" value="1.8.0_201"/>
    <property name="java.ext.dirs" value="C:\Program Files\Java\jdk1.8.0_201\jre\lib\ext;C:\WINDOWS\Sun\Java\lib\ext"/>
    <property name="sun.boot.class.path" value="C:\Program Files\Java\jdk1.8.0_201\jre\lib\resources.jar;C:\Program Files\Java\jdk1.8.0_201\jre\lib\rt.jar;C:\Program Files\Java\jdk1.8.0_201\jre\lib\sunrsasign.jar;C:\Program Files\Java\jdk1.8.0_201\jre\lib\jsse.jar;C:\Program Files\Java\jdk1.8.0_201\jre\lib\jce.jar;C:\Program Files\Java\jdk1.8.0_201\jre\lib\charsets.jar;C:\Program Files\Java\jdk1.8.0_201\jre\lib\jfr.jar;C:\Program Files\Java\jdk1.8.0_201\jre\classes"/>
    <property name="java.vendor" value="Oracle Corporation"/>
    <property name="maven.home" value="C:\Users\pvaln\AppData\Local\JetBrains\Toolbox\apps\IDEA-U\ch-0\191.6183.87\plugins\maven\lib\maven3"/>
    <property name="file.separator" value="\"/>
    <property name="java.vendor.url.bug" value="http://bugreport.sun.com/bugreport/"/>
    <property name="idea.version2019.1" value="true"/>
    <property name="sun.cpu.endian" value="little"/>
    <property name="sun.io.unicode.encoding" value="UnicodeLittle"/>
    <property name="sun.desktop" value="windows"/>
    <property name="sun.cpu.isalist" value="amd64"/>
  </properties>
  <testcase classname="SolverTest" name="fl1577" time="176.254"/>
  <testcase classname="SolverTest" name="lin318" time="174.053"/>
  <testcase classname="SolverTest" name="pcb442" time="174.12"/>
  <testcase classname="SolverTest" name="rat783" time="174.49"/>
  <testcase classname="SolverTest" name="kroA100" time="174.021"/>
  <testcase classname="SolverTest" name="d198" time="174.022"/>
  <testcase classname="SolverTest" name="ch130" time="174.022"/>
  <testcase classname="SolverTest" name="eil76" time="174.006"/>
  <testcase classname="SolverTest" name="pr439" time="174.105"/>
  <testcase classname="SolverTest" name="u1060" time="174.755"/>
</testsuite>